[2026-03-17T09:50:42.346Z] >>> OPTIONS /api/items
[2026-03-17T09:50:42.348Z] >>> OPTIONS /api/items
[2026-03-17T09:50:42.349Z] >>> GET /api/items
[2026-03-17T09:50:42.390Z] >>> GET /api/items
[2026-03-17T09:50:48.847Z] >>> OPTIONS /api/orders
[2026-03-17T09:50:48.870Z] >>> POST /api/orders
[2026-03-17T09:50:53.258Z] >>> POST /api/orders
[2026-03-17T09:50:58.483Z] >>> POST /api/users/logout
[2026-03-17T09:51:20.383Z] >>> OPTIONS /api/users/login
[2026-03-17T09:51:20.388Z] >>> POST /api/users/login
[2026-03-17T09:51:20.574Z] >>> GET /api/orders
[2026-03-17T09:51:20.580Z] >>> GET /api/users/me/schedule
[2026-03-17T09:51:20.588Z] >>> GET /api/users/me/schedule
[2026-03-17T09:51:20.626Z] >>> GET /api/orders
[2026-03-17T09:51:27.778Z] >>> OPTIONS /api/orders
[2026-03-17T09:51:27.782Z] >>> POST /api/orders
[2026-03-17T09:51:33.134Z] >>> OPTIONS /api/items
[2026-03-17T09:51:33.137Z] >>> OPTIONS /api/items
[2026-03-17T09:51:33.139Z] >>> GET /api/items
[2026-03-17T09:51:33.180Z] >>> GET /api/items
[2026-03-17T09:51:41.478Z] >>> POST /api/users/logout
[2026-03-17T09:52:01.319Z] >>> OPTIONS /api/users/login
[2026-03-17T09:52:01.323Z] >>> POST /api/users/login
[2026-03-17T09:52:01.480Z] >>> GET /api/orders
[2026-03-17T09:52:01.485Z] >>> GET /api/users/me/schedule
[2026-03-17T09:52:01.489Z] >>> GET /api/users/me/schedule
[2026-03-17T09:52:01.521Z] >>> GET /api/orders
[2026-03-17T09:52:05.245Z] >>> OPTIONS /api/items
[2026-03-17T09:52:05.247Z] >>> OPTIONS /api/items
[2026-03-17T09:52:05.250Z] >>> GET /api/items
[2026-03-17T09:52:05.290Z] >>> GET /api/items
[2026-03-17T09:52:11.270Z] >>> OPTIONS /api/orders
[2026-03-17T09:52:11.272Z] >>> POST /api/orders
[2026-03-17T09:52:15.681Z] >>> GET /api/orders
[2026-03-17T09:52:15.684Z] >>> GET /api/users/me/schedule
[2026-03-17T09:52:15.687Z] >>> GET /api/users/me/schedule
[2026-03-17T09:52:15.724Z] >>> GET /api/orders
[2026-03-17T09:52:37.341Z] >>> OPTIONS /api/blog
[2026-03-17T09:52:37.343Z] >>> OPTIONS /api/blog
[2026-03-17T09:52:37.344Z] >>> GET /api/blog
[2026-03-17T09:52:37.392Z] >>> GET /api/blog
[2026-03-17T09:52:40.385Z] >>> OPTIONS /api/items
[2026-03-17T09:52:40.387Z] >>> OPTIONS /api/items
[2026-03-17T09:52:40.388Z] >>> GET /api/items
[2026-03-17T09:52:40.464Z] >>> GET /api/items
[2026-03-17T09:52:43.561Z] >>> GET /api/orders
[2026-03-17T09:52:43.563Z] >>> GET /api/users/me/schedule
[2026-03-17T09:52:43.566Z] >>> GET /api/users/me/schedule
[2026-03-17T09:52:43.604Z] >>> GET /api/orders
[2026-03-17T10:03:38.754Z] >>> GET /api/orders
[2026-03-17T10:03:38.757Z] >>> GET /api/users/me/schedule
[2026-03-17T10:03:38.760Z] >>> GET /api/users/me/schedule
[2026-03-17T10:03:38.800Z] >>> GET /api/orders
[2026-03-17T10:05:07.584Z] >>> GET /api/orders
[2026-03-17T10:05:07.588Z] >>> GET /api/users/me/schedule
[2026-03-17T10:05:07.591Z] >>> GET /api/users/me/schedule
[2026-03-17T10:05:07.632Z] >>> GET /api/orders
[2026-03-17T10:05:32.117Z] >>> POST /api/users/logout
[2026-03-17T10:09:30.200Z] 

========== SERVER STARTING ==========
[2026-03-17T10:09:30.201Z] Timestamp: 2026-03-17T10:09:30.201Z
[2026-03-17T10:09:30.202Z] ================================

[2026-03-17T10:10:02.144Z] >>> OPTIONS /api/users/login
[2026-03-17T10:10:02.149Z] >>> POST /api/users/login
[2026-03-17T10:10:02.366Z] >>> GET /api/orders
[2026-03-17T10:10:02.372Z] >>> GET /api/users/me/schedule
[2026-03-17T10:10:02.383Z] >>> GET /api/users/me/schedule
[2026-03-17T10:10:02.416Z] >>> GET /api/orders
[2026-03-17T10:12:42.805Z] >>> OPTIONS /api/items
[2026-03-17T10:12:42.808Z] >>> GET /api/items
[2026-03-17T10:12:45.811Z] >>> GET /api/orders
[2026-03-17T10:12:45.816Z] >>> GET /api/users/me/schedule
[2026-03-17T10:12:45.819Z] >>> GET /api/users/me/schedule
[2026-03-17T10:12:45.860Z] >>> GET /api/orders
[2026-03-17T10:13:13.793Z] >>> OPTIONS /api/items
[2026-03-17T10:13:13.799Z] >>> OPTIONS /api/items
[2026-03-17T10:13:13.800Z] >>> GET /api/items
[2026-03-17T10:13:13.848Z] >>> GET /api/items
[2026-03-17T10:13:15.784Z] >>> GET /api/orders
[2026-03-17T10:13:15.786Z] >>> GET /api/users/me/schedule
[2026-03-17T10:15:02.794Z] >>> OPTIONS /api/items
[2026-03-17T10:15:02.796Z] >>> GET /api/items
[2026-03-17T10:15:02.840Z] >>> GET /api/items
[2026-03-17T10:16:12.801Z] >>> OPTIONS /api/items
[2026-03-17T10:16:12.802Z] >>> OPTIONS /api/items
[2026-03-17T10:16:12.804Z] >>> GET /api/items
[2026-03-17T10:16:12.884Z] >>> GET /api/items
[2026-03-17T10:16:26.415Z] >>> OPTIONS /api/items/69b3f6ab2e8b2d6ae0668f1c
[2026-03-17T10:16:26.417Z] >>> PUT /api/items/69b3f6ab2e8b2d6ae0668f1c
[2026-03-17T10:16:40.667Z] >>> OPTIONS /api/items/69b3f6ab2e8b2d6ae0668f1c
[2026-03-17T10:16:40.670Z] >>> PUT /api/items/69b3f6ab2e8b2d6ae0668f1c
[2026-03-17T10:16:51.901Z] >>> GET /api/items
[2026-03-17T10:16:51.905Z] >>> OPTIONS /api/items
[2026-03-17T10:16:51.973Z] >>> GET /api/items
[2026-03-17T10:16:53.718Z] >>> OPTIONS /api/items/69b3f6ab2e8b2d6ae0668f1c
[2026-03-17T10:16:53.720Z] >>> PUT /api/items/69b3f6ab2e8b2d6ae0668f1c
[2026-03-17T10:20:36.774Z] >>> OPTIONS /api/items
[2026-03-17T10:20:36.777Z] >>> GET /api/items
[2026-03-17T10:20:40.670Z] >>> OPTIONS /api/items/69b3f6ab2e8b2d6ae0668f1c
[2026-03-17T10:20:40.675Z] >>> PUT /api/items/69b3f6ab2e8b2d6ae0668f1c
[2026-03-17T10:20:50.571Z] >>> GET /api/items
[2026-03-17T10:20:50.576Z] >>> OPTIONS /api/items
[2026-03-17T10:20:50.616Z] >>> GET /api/items
[2026-03-17T10:20:52.454Z] >>> OPTIONS /api/items/69b3f6ab2e8b2d6ae0668f1c
[2026-03-17T10:20:52.457Z] >>> PUT /api/items/69b3f6ab2e8b2d6ae0668f1c
[2026-03-17T10:21:01.664Z] >>> OPTIONS /api/items/69b3f6ab2e8b2d6ae0668f1c
[2026-03-17T10:21:01.667Z] >>> PUT /api/items/69b3f6ab2e8b2d6ae0668f1c
[2026-03-17T10:22:48.836Z] >>> OPTIONS /api/items
[2026-03-17T10:22:48.839Z] >>> GET /api/items
[2026-03-17T10:22:48.885Z] >>> GET /api/items
[2026-03-17T10:23:45.917Z] 

========== SERVER STARTING ==========
[2026-03-17T10:23:45.919Z] Timestamp: 2026-03-17T10:23:45.919Z
[2026-03-17T10:23:45.919Z] ================================

[2026-03-17T10:29:35.448Z] >>> OPTIONS /api/items/69b3f6ab2e8b2d6ae0668f1c
[2026-03-17T10:29:35.453Z] >>> PUT /api/items/69b3f6ab2e8b2d6ae0668f1c
[2026-03-17T10:29:37.890Z] >>> PUT /api/items/69b3f6ab2e8b2d6ae0668f1c
[2026-03-17T10:29:44.177Z] >>> OPTIONS /api/items/69b3f6ab2e8b2d6ae0668f1c
[2026-03-17T10:29:44.184Z] >>> PUT /api/items/69b3f6ab2e8b2d6ae0668f1c
[2026-03-17T10:35:56.759Z] 

========== SERVER STARTING ==========
[2026-03-17T10:35:56.761Z] Timestamp: 2026-03-17T10:35:56.761Z
[2026-03-17T10:35:56.761Z] ================================

[2026-03-17T10:42:51.963Z] 

========== SERVER STARTING ==========
[2026-03-17T10:42:51.965Z] Timestamp: 2026-03-17T10:42:51.965Z
[2026-03-17T10:42:51.966Z] ================================

[2026-03-17T10:43:01.113Z] >>> POST /api/users/logout
[2026-03-17T10:43:25.369Z] >>> OPTIONS /api/users/login
[2026-03-17T10:43:25.375Z] >>> POST /api/users/login
[2026-03-17T10:43:25.571Z] >>> GET /api/orders
[2026-03-17T10:43:25.585Z] >>> GET /api/users/me/schedule
[2026-03-17T10:43:25.592Z] >>> GET /api/users/me/schedule
[2026-03-17T10:43:25.634Z] >>> GET /api/orders
[2026-03-17T10:43:28.000Z] >>> OPTIONS /api/items
[2026-03-17T10:43:28.002Z] >>> OPTIONS /api/items
[2026-03-17T10:43:28.004Z] >>> GET /api/items
[2026-03-17T10:43:28.054Z] >>> GET /api/items
[2026-03-17T10:43:34.564Z] >>> OPTIONS /api/orders
[2026-03-17T10:43:34.571Z] >>> POST /api/orders
[2026-03-17T10:43:34.838Z] >>> GET /invoices/invoice_69b930564c90f0255107c9d4.pdf
[2026-03-17T10:44:52.795Z] >>> OPTIONS /api/items
[2026-03-17T10:44:52.798Z] >>> OPTIONS /api/items
[2026-03-17T10:44:52.802Z] >>> GET /api/items
[2026-03-17T10:44:52.846Z] >>> GET /api/items
[2026-03-17T10:45:00.803Z] >>> OPTIONS /api/orders
[2026-03-17T10:45:00.813Z] >>> POST /api/orders
[2026-03-17T10:45:01.053Z] >>> GET /invoices/invoice_69b930ac4c90f0255107c9db.pdf
[2026-03-17T10:45:29.270Z] >>> GET /invoices/invoice_69b930ac4c90f0255107c9db.pdf
[2026-03-17T10:45:30.191Z] >>> GET /invoices/invoice_69b930ac4c90f0255107c9db.pdf
[2026-03-17T10:47:57.891Z] >>> OPTIONS /api/items
[2026-03-17T10:47:57.893Z] >>> OPTIONS /api/items
[2026-03-17T10:47:57.895Z] >>> GET /api/items
[2026-03-17T10:47:57.944Z] >>> GET /api/items
[2026-03-17T10:48:06.561Z] >>> OPTIONS /api/orders
[2026-03-17T10:48:06.564Z] >>> POST /api/orders
[2026-03-17T10:48:06.741Z] >>> GET /invoices/invoice_69b931664c90f0255107c9e2.pdf
[2026-03-17T10:48:32.498Z] 

========== SERVER STARTING ==========
[2026-03-17T10:48:32.500Z] Timestamp: 2026-03-17T10:48:32.500Z
[2026-03-17T10:48:32.500Z] ================================

[2026-03-17T10:48:57.291Z] >>> GET /invoices/invoice_69b931664c90f0255107c9e2.pdf
[2026-03-17T10:48:57.349Z] >>> GET /favicon.ico
[2026-03-17T10:49:21.213Z] >>> OPTIONS /api/items
[2026-03-17T10:49:21.215Z] >>> OPTIONS /api/items
[2026-03-17T10:49:21.217Z] >>> GET /api/items
[2026-03-17T10:49:21.282Z] >>> GET /api/items
[2026-03-17T10:49:26.940Z] >>> OPTIONS /api/orders
[2026-03-17T10:49:26.942Z] >>> POST /api/orders
[2026-03-17T10:49:27.191Z] >>> GET /invoices/invoice_69b931b6c58ca96e80813630.pdf
[2026-03-17T10:50:11.519Z] >>> OPTIONS /api/items
[2026-03-17T10:50:11.523Z] >>> OPTIONS /api/items
[2026-03-17T10:50:11.525Z] >>> GET /api/items
[2026-03-17T10:50:11.566Z] >>> GET /api/items
[2026-03-17T12:21:05.681Z] >>> GET /api/orders
[2026-03-17T12:21:05.759Z] >>> GET /api/users/me/schedule
[2026-03-17T12:21:05.785Z] >>> GET /api/users/me/schedule
[2026-03-17T12:21:05.967Z] >>> GET /api/orders
[2026-03-17T12:21:32.032Z] >>> OPTIONS /api/items
[2026-03-17T12:21:32.039Z] >>> OPTIONS /api/items
[2026-03-17T12:21:32.045Z] >>> GET /api/items
[2026-03-17T12:21:33.294Z] >>> GET /api/items
[2026-03-17T12:21:34.235Z] >>> GET /api/items
[2026-03-17T12:21:35.033Z] >>> GET /api/items
[2026-03-17T12:21:36.263Z] >>> OPTIONS /api/events
[2026-03-17T12:21:36.269Z] >>> OPTIONS /api/events
[2026-03-17T12:21:36.277Z] >>> GET /api/events
[2026-03-17T12:21:36.454Z] >>> GET /api/events
[2026-03-17T12:21:40.942Z] >>> OPTIONS /api/items
[2026-03-17T12:21:40.947Z] >>> OPTIONS /api/items
[2026-03-17T12:21:40.952Z] >>> GET /api/items
[2026-03-17T12:21:41.272Z] >>> GET /api/items
[2026-03-17T12:22:59.905Z] >>> POST /api/users/logout
[2026-03-17T12:23:22.728Z] >>> OPTIONS /api/users/login
[2026-03-17T12:23:22.741Z] >>> POST /api/users/login
[2026-03-17T12:23:23.336Z] >>> GET /api/orders
[2026-03-17T12:23:23.343Z] >>> GET /api/users/me/schedule
[2026-03-17T12:23:23.349Z] >>> GET /api/users/me/schedule
[2026-03-17T12:23:23.441Z] >>> GET /api/orders
[2026-03-17T12:23:25.817Z] >>> OPTIONS /api/items
[2026-03-17T12:23:25.820Z] >>> OPTIONS /api/users/employees
[2026-03-17T12:23:25.823Z] >>> OPTIONS /api/events
[2026-03-17T12:23:25.824Z] >>> OPTIONS /api/blog
[2026-03-17T12:23:25.826Z] >>> GET /api/items
[2026-03-17T12:23:25.828Z] >>> GET /api/users/employees
[2026-03-17T12:23:25.834Z] >>> GET /api/events
[2026-03-17T12:23:25.837Z] >>> GET /api/blog
[2026-03-17T12:23:25.881Z] >>> GET /api/items
[2026-03-17T12:23:25.893Z] >>> GET /api/users/employees
[2026-03-17T12:23:25.901Z] >>> GET /api/events
[2026-03-17T12:23:26.540Z] >>> GET /api/blog
[2026-03-17T12:24:30.575Z] >>> OPTIONS /api/users/employees/69b3ff228f38b30e7f2aeeff/schedule
[2026-03-17T12:24:30.585Z] >>> PUT /api/users/employees/69b3ff228f38b30e7f2aeeff/schedule
[2026-03-17T12:24:30.759Z] >>> OPTIONS /api/users/employees
[2026-03-17T12:24:30.768Z] >>> GET /api/users/employees
[2026-03-17T12:24:53.887Z] >>> OPTIONS /api/users/employees/69afe9af020b2a57df67aecd/schedule
[2026-03-17T12:24:53.897Z] >>> PUT /api/users/employees/69afe9af020b2a57df67aecd/schedule
[2026-03-17T12:24:54.275Z] >>> OPTIONS /api/users/employees
[2026-03-17T12:24:54.283Z] >>> GET /api/users/employees
[2026-03-17T12:25:06.513Z] >>> POST /api/users/logout
[2026-03-17T12:25:22.361Z] >>> OPTIONS /api/users/login
[2026-03-17T12:25:22.371Z] >>> POST /api/users/login
[2026-03-17T12:25:22.874Z] >>> OPTIONS /api/items
[2026-03-17T12:25:22.878Z] >>> OPTIONS /api/items
[2026-03-17T12:25:22.882Z] >>> GET /api/items
[2026-03-17T12:25:23.096Z] >>> GET /api/items
[2026-03-17T12:25:33.139Z] >>> OPTIONS /api/items/69b3f6ab2e8b2d6ae0668f1c
[2026-03-17T12:25:33.152Z] >>> PUT /api/items/69b3f6ab2e8b2d6ae0668f1c
[2026-03-17T12:25:34.349Z] >>> PUT /api/items/69b3f6ab2e8b2d6ae0668f1c
[2026-03-17T12:25:36.654Z] >>> OPTIONS /api/items
[2026-03-17T12:25:36.660Z] >>> OPTIONS /api/items
[2026-03-17T12:25:36.665Z] >>> GET /api/items
[2026-03-17T12:25:36.774Z] >>> GET /api/items
[2026-03-17T12:25:42.652Z] >>> OPTIONS /api/items
[2026-03-17T12:25:42.658Z] >>> OPTIONS /api/items
[2026-03-17T12:25:42.662Z] >>> GET /api/items
[2026-03-17T12:25:42.728Z] >>> GET /api/items
[2026-03-17T12:25:50.875Z] >>> OPTIONS /api/items
[2026-03-17T12:25:50.883Z] >>> GET /api/items
[2026-03-17T12:25:57.997Z] >>> POST /api/users/logout
[2026-03-17T12:26:02.005Z] >>> GET /api/items
[2026-03-17T12:26:02.064Z] >>> GET /api/items
[2026-03-17T12:26:08.884Z] >>> GET /api/items
[2026-03-17T12:26:08.952Z] >>> GET /api/items
[2026-03-17T12:29:45.539Z] >>> OPTIONS /api/users/login
[2026-03-17T12:29:45.544Z] >>> POST /api/users/login
[2026-03-17T12:29:45.906Z] >>> GET /api/orders
[2026-03-17T12:29:45.910Z] >>> GET /api/users/me/schedule
[2026-03-17T12:29:45.915Z] >>> GET /api/users/me/schedule
[2026-03-17T12:29:45.970Z] >>> GET /api/orders
[2026-03-17T12:29:48.443Z] >>> OPTIONS /api/items
[2026-03-17T12:29:48.448Z] >>> OPTIONS /api/items
[2026-03-17T12:29:48.453Z] >>> GET /api/items
[2026-03-17T12:29:48.533Z] >>> GET /api/items
[2026-03-17T12:29:50.949Z] >>> GET /api/items
[2026-03-17T12:29:51.007Z] >>> GET /api/items
[2026-03-17T12:30:03.934Z] >>> OPTIONS /api/orders
[2026-03-17T12:30:03.944Z] >>> POST /api/orders
[2026-03-17T12:30:04.397Z] >>> GET /invoices/invoice_69b9494cc58ca96e8081369b.pdf
[2026-03-17T12:30:21.091Z] >>> OPTIONS /api/items
[2026-03-17T12:30:21.099Z] >>> OPTIONS /api/items
[2026-03-17T12:30:21.109Z] >>> GET /api/items
[2026-03-17T12:30:21.165Z] >>> GET /api/items
[2026-03-17T12:30:50.940Z] >>> OPTIONS /api/events
[2026-03-17T12:30:50.946Z] >>> OPTIONS /api/events
[2026-03-17T12:30:50.951Z] >>> GET /api/events
[2026-03-17T12:30:51.007Z] >>> GET /api/events
[2026-03-17T12:30:58.628Z] >>> OPTIONS /api/blog
[2026-03-17T12:30:58.634Z] >>> OPTIONS /api/blog
[2026-03-17T12:30:58.639Z] >>> GET /api/blog
[2026-03-17T12:30:58.695Z] >>> GET /api/blog
[2026-03-17T12:45:31.620Z] >>> OPTIONS /api/items
[2026-03-17T12:45:31.629Z] >>> OPTIONS /api/items
[2026-03-17T12:45:31.633Z] >>> GET /api/items
[2026-03-17T12:45:31.874Z] >>> GET /api/items
[2026-03-17T12:45:34.598Z] >>> GET /api/orders
[2026-03-17T12:45:34.611Z] >>> GET /api/users/me/schedule
[2026-03-17T12:45:34.629Z] >>> GET /api/users/me/schedule
[2026-03-17T12:45:34.723Z] >>> GET /api/orders
[2026-03-17T12:45:51.498Z] >>> POST /api/users/logout
[2026-03-17T12:46:08.188Z] >>> GET /api/blog
[2026-03-17T12:46:08.241Z] >>> GET /api/blog
